"232","A"
"276","AL"
"213","AND"
"283","ARM"
"505","AUS"
"400","AZE"
"206","B"
"284","BG"
"470","BGD"
"426","BHR"
"218","BIH"
"528","BRU"
"624","CAM"
"302","CAN"
"228","CH"
"460","CHN"
"612","CI"
"730","CL"
"625","CPV"
"280","CY"
"230","CZ"
"262","D"
"238","DK"
"214","E"
"248","EE"
"636","ETH"
"208","F"
"547","F"
"647","F"
"340","F"
"244","FI"
"542","FIJ"
"282","GEO"
"620","GH"
"266","GIB"
"611","GN"
"202","GR"
"216","H"
"454","HK"
"219","HR"
"222","I"
"9999","IL"
"404","INA"
"510","IND"
"272","IRL"
"274","IS"
"416","JOR"
"437","KGZ"
"456","KHM"
"420","KSA"
"419","KT"
"270","L"
"651","LSO"
"246","LT"
"247","LV"
"278","M"
"455","MAC"
"642","MDG"
"294","MKD"
"604","MOR"
"643","MOZ"
"617","MRU"
"650","MW"
"502","MY"
"242","N"
"546","NCL"
"204","NL"
"530","NZ"
"422","OMN"
"268","P"
"515","PH"
"260","PL"
"427","QAT"
"635","R"
"415","RL"
"226","RO"
"250","RUS"
"240","S"
"655","SA"
"634","SDN"
"633","SEZ"
"525","SGP"
"293","SI"
"231","SK"
"413","SRI"
"417","SYR"
"520","TH"
"286","TR"
"466","ROC"
"640","TZ"
"001","TEST"
"255","UA"
"424","UAE"
"641","UG"
"234","UK"
"310","US"
"434","UZB"
"452","VN"
"734","VZ"
"220","YU"
"648","ZW"